[debug] [2023-11-18T11:08:57.387Z] ----------------------------------------------------------------------
[debug] [2023-11-18T11:08:57.388Z] Command:       /opt/homebrew/Cellar/node@16/16.20.1_1/bin/node /opt/homebrew/bin/firebase deploy --only hosting
[debug] [2023-11-18T11:08:57.388Z] CLI Version:   12.9.1
[debug] [2023-11-18T11:08:57.389Z] Platform:      darwin
[debug] [2023-11-18T11:08:57.389Z] Node Version:  v16.20.1
[debug] [2023-11-18T11:08:57.390Z] Time:          Sat Nov 18 2023 14:08:57 GMT+0300 (East Africa Time)
[debug] [2023-11-18T11:08:57.390Z] ----------------------------------------------------------------------
[debug] 
[debug] [2023-11-18T11:08:57.422Z] > command requires scopes: ["email","openid","https://www.googleapis.com/auth/cloudplatformprojects.readonly","https://www.googleapis.com/auth/firebase","https://www.googleapis.com/auth/cloud-platform"]
[debug] [2023-11-18T11:08:57.422Z] > authorizing via signed-in user (essie.eb84@gmail.com)
[debug] [2023-11-18T11:08:57.422Z] [iam] checking project movies-nest for permissions ["firebase.projects.get","firebasehosting.sites.update"]
[debug] [2023-11-18T11:08:57.423Z] >>> [apiv2][query] POST https://cloudresourcemanager.googleapis.com/v1/projects/movies-nest:testIamPermissions [none]
[debug] [2023-11-18T11:08:57.423Z] >>> [apiv2][(partial)header] POST https://cloudresourcemanager.googleapis.com/v1/projects/movies-nest:testIamPermissions x-goog-quota-user=projects/movies-nest
[debug] [2023-11-18T11:08:57.423Z] >>> [apiv2][body] POST https://cloudresourcemanager.googleapis.com/v1/projects/movies-nest:testIamPermissions {"permissions":["firebase.projects.get","firebasehosting.sites.update"]}
[debug] [2023-11-18T11:08:58.921Z] <<< [apiv2][status] POST https://cloudresourcemanager.googleapis.com/v1/projects/movies-nest:testIamPermissions 200
[debug] [2023-11-18T11:08:58.922Z] <<< [apiv2][body] POST https://cloudresourcemanager.googleapis.com/v1/projects/movies-nest:testIamPermissions {"permissions":["firebase.projects.get","firebasehosting.sites.update"]}
[debug] [2023-11-18T11:08:58.923Z] >>> [apiv2][query] GET https://firebase.googleapis.com/v1beta1/projects/movies-nest [none]
[debug] [2023-11-18T11:08:59.403Z] <<< [apiv2][status] GET https://firebase.googleapis.com/v1beta1/projects/movies-nest 200
[debug] [2023-11-18T11:08:59.403Z] <<< [apiv2][body] GET https://firebase.googleapis.com/v1beta1/projects/movies-nest {"projectId":"movies-nest","projectNumber":"87952133388","displayName":"Movies Nest","name":"projects/movies-nest","resources":{"hostingSite":"movies-nest"},"state":"ACTIVE","etag":"1_90f20b93-18c5-4093-8a92-bf1e46de1396"}
[info] 
[info] === Deploying to 'movies-nest'...
[info] 
[info] i  deploying hosting 
[debug] [2023-11-18T11:08:59.407Z] >>> [apiv2][query] POST https://firebasehosting.googleapis.com/v1beta1/projects/-/sites/movies-nest/versions [none]
[debug] [2023-11-18T11:08:59.407Z] >>> [apiv2][body] POST https://firebasehosting.googleapis.com/v1beta1/projects/-/sites/movies-nest/versions {"status":"CREATED","labels":{"deployment-tool":"cli-firebase"}}
[debug] [2023-11-18T11:09:01.620Z] <<< [apiv2][status] POST https://firebasehosting.googleapis.com/v1beta1/projects/-/sites/movies-nest/versions 200
[debug] [2023-11-18T11:09:01.620Z] <<< [apiv2][body] POST https://firebasehosting.googleapis.com/v1beta1/projects/-/sites/movies-nest/versions {"name":"projects/87952133388/sites/movies-nest/versions/6e59c16b2b74c92f","status":"CREATED","config":{},"labels":{"deployment-tool":"cli-firebase"}}
[info] i  hosting[movies-nest]: beginning deploy... 
[info] i  hosting[movies-nest]: found 2 files in public 
[debug] [2023-11-18T11:09:01.627Z] [hosting] uploading with 200 concurrency
[debug] [2023-11-18T11:09:01.628Z] [hosting] hash cache [cHVibGlj] not populated
[debug] [2023-11-18T11:09:01.636Z] [hosting] hash cache [cHVibGlj] stored for 2 files
[debug] [2023-11-18T11:09:01.636Z] [hosting][hash queue][FINAL] {"max":6,"min":3,"avg":4.5,"active":0,"complete":2,"success":2,"errored":0,"retried":0,"total":2,"elapsed":7}
[debug] [2023-11-18T11:09:01.636Z] >>> [apiv2][query] POST https://firebasehosting.googleapis.com/v1beta1/projects/87952133388/sites/movies-nest/versions/6e59c16b2b74c92f:populateFiles [none]
[debug] [2023-11-18T11:09:01.636Z] >>> [apiv2][body] POST https://firebasehosting.googleapis.com/v1beta1/projects/87952133388/sites/movies-nest/versions/6e59c16b2b74c92f:populateFiles {"files":{"/404.html":"05cbc6f94d7a69ce2e29646eab13be2c884e61ba93e3094df5028866876d18b3","/index.html":"247f589d8985ae90ece52b003c3a225f4edabb824f617185a17fa1b79f3d3379"}}
